This is pdfTeX, Version 3.1415926-2.5-1.40.14 (TeX Live 2013) (format=pdflatex 2013.5.30)  19 JUL 2015 21:34
entering extended mode
 \write18 enabled.
 file:line:error style messages enabled.
 %&-line parsing enabled.
**vgtc.cls
(./vgtc.cls
LaTeX2e <2011/06/27>
Babel <3.9f> and hyphenation patterns for 78 languages loaded.

LaTeX Warning: You have requested package `',
               but the package provides `vgtc'.

Package: vgtc 2006/05/21 IEEE VGTC

./vgtc.cls:50: LaTeX Error: Missing \begin{document}.

See the LaTeX manual or LaTeX Companion for explanation.
Type  H <return>  for immediate help.
 ...                                              
                                                  
l.50 \newif\ifvgtc@
                   camera
? 
./vgtc.cls:50: Emergency stop.
 ...                                              
                                                  
l.50 \newif\ifvgtc@
                   camera
You're in trouble here.  Try typing  <return>  to proceed.
If that doesn't work, type  X <return>  to quit.

 
Here is how much of TeX's memory you used:
 11 strings out of 493315
 279 string characters out of 6137904
 52158 words of memory out of 5000000
 3561 multiletter control sequences out of 15000+600000
 3640 words of font info for 14 fonts, out of 8000000 for 9000
 957 hyphenation exceptions out of 8191
 7i,0n,5p,90b,14s stack positions out of 5000i,500n,10000p,200000b,80000s
./vgtc.cls:50:  ==> Fatal error occurred, no output PDF file produced!
